<?xml version="1.0" encoding="UTF-8"?>
<!-- Generated by org.testng.reporters.JUnitXMLReporter -->
<testsuite hostname="DESKTOP-U7VLMS4" ignored="0" name="Default test" tests="5" failures="0" timestamp="2021-12-24T12:38:44 IST" time="0.092" errors="0">
  <testcase name="test1" time="0.007" classname="com.TestNGDemo"/>
  <testcase name="test2" time="0.003" classname="com.TestNGDemo"/>
  <testcase name="test3" time="0.003" classname="com.TestNGDemo"/>
  <testcase name="test4" time="0.003" classname="com.TestNGDemo"/>
  <testcase name="test5" time="0.002" classname="com.TestNGDemo"/>
</testsuite> <!-- Default test -->
