<?xml version="1.0" encoding="UTF-8"?>
<testng-results skipped="0" failed="0" ignored="0" total="5" passed="5">
  <reporter-output>
  </reporter-output>
  <suite name="Default suite" duration-ms="92" started-at="2021-12-24T12:38:44 IST" finished-at="2021-12-24T12:38:44 IST">
    <groups>
    </groups>
    <test name="Default test" duration-ms="92" started-at="2021-12-24T12:38:44 IST" finished-at="2021-12-24T12:38:44 IST">
      <class name="com.TestNGDemo">
        <test-method status="PASS" signature="beforeTest()[pri:0, instance:com.TestNGDemo@3712b94]" name="beforeTest" is-config="true" duration-ms="7" started-at="2021-12-24T12:38:44 IST" finished-at="2021-12-24T12:38:44 IST">
          <reporter-output>
          </reporter-output>
        </test-method> <!-- beforeTest -->
        <test-method status="PASS" signature="beforeClass()[pri:0, instance:com.TestNGDemo@3712b94]" name="beforeClass" is-config="true" duration-ms="1" started-at="2021-12-24T12:38:44 IST" finished-at="2021-12-24T12:38:44 IST">
          <reporter-output>
          </reporter-output>
        </test-method> <!-- beforeClass -->
        <test-method status="PASS" signature="test1()[pri:1, instance:com.TestNGDemo@3712b94]" name="test1" duration-ms="7" started-at="2021-12-24T12:38:44 IST" finished-at="2021-12-24T12:38:44 IST">
          <reporter-output>
          </reporter-output>
        </test-method> <!-- test1 -->
        <test-method status="PASS" signature="test2()[pri:2, instance:com.TestNGDemo@3712b94]" name="test2" duration-ms="3" started-at="2021-12-24T12:38:44 IST" finished-at="2021-12-24T12:38:44 IST">
          <reporter-output>
          </reporter-output>
        </test-method> <!-- test2 -->
        <test-method status="PASS" signature="test3()[pri:3, instance:com.TestNGDemo@3712b94]" name="test3" duration-ms="3" started-at="2021-12-24T12:38:44 IST" finished-at="2021-12-24T12:38:44 IST">
          <reporter-output>
          </reporter-output>
        </test-method> <!-- test3 -->
        <test-method status="PASS" signature="test4()[pri:4, instance:com.TestNGDemo@3712b94]" name="test4" duration-ms="3" started-at="2021-12-24T12:38:44 IST" finished-at="2021-12-24T12:38:44 IST">
          <reporter-output>
          </reporter-output>
        </test-method> <!-- test4 -->
        <test-method status="PASS" signature="test5()[pri:5, instance:com.TestNGDemo@3712b94]" name="test5" duration-ms="2" started-at="2021-12-24T12:38:44 IST" finished-at="2021-12-24T12:38:44 IST">
          <reporter-output>
          </reporter-output>
        </test-method> <!-- test5 -->
        <test-method status="PASS" signature="afterClass()[pri:0, instance:com.TestNGDemo@3712b94]" name="afterClass" is-config="true" duration-ms="1" started-at="2021-12-24T12:38:44 IST" finished-at="2021-12-24T12:38:44 IST">
          <reporter-output>
          </reporter-output>
        </test-method> <!-- afterClass -->
        <test-method status="PASS" signature="afterTest()[pri:0, instance:com.TestNGDemo@3712b94]" name="afterTest" is-config="true" duration-ms="0" started-at="2021-12-24T12:38:44 IST" finished-at="2021-12-24T12:38:44 IST">
          <reporter-output>
          </reporter-output>
        </test-method> <!-- afterTest -->
      </class> <!-- com.TestNGDemo -->
    </test> <!-- Default test -->
  </suite> <!-- Default suite -->
</testng-results>
